mode: set
github.com/YanSystems/cms/cmd/api/main.go:7.13,11.2 3 0
github.com/YanSystems/cms/pkg/services/content.go:21.86,28.16 6 0
github.com/YanSystems/cms/pkg/services/content.go:28.16,32.3 3 0
github.com/YanSystems/cms/pkg/services/content.go:33.2,40.111 6 0
github.com/YanSystems/cms/pkg/services/content.go:40.111,45.3 4 0
github.com/YanSystems/cms/pkg/services/content.go:46.2,53.16 6 0
github.com/YanSystems/cms/pkg/services/content.go:53.16,57.3 3 0
github.com/YanSystems/cms/pkg/services/content.go:58.2,67.82 4 0
github.com/YanSystems/cms/pkg/services/content.go:70.83,81.16 9 0
github.com/YanSystems/cms/pkg/services/content.go:81.16,85.3 3 0
github.com/YanSystems/cms/pkg/services/content.go:86.2,95.74 4 0
github.com/YanSystems/cms/pkg/services/content.go:98.86,108.16 8 0
github.com/YanSystems/cms/pkg/services/content.go:108.16,112.3 3 0
github.com/YanSystems/cms/pkg/services/content.go:113.2,122.77 4 0
github.com/YanSystems/cms/pkg/services/content.go:125.81,136.16 9 0
github.com/YanSystems/cms/pkg/services/content.go:136.16,140.3 3 0
github.com/YanSystems/cms/pkg/services/content.go:141.2,150.72 4 0
github.com/YanSystems/cms/pkg/services/content.go:153.86,157.16 4 0
github.com/YanSystems/cms/pkg/services/content.go:157.16,161.3 3 0
github.com/YanSystems/cms/pkg/services/content.go:162.2,173.16 9 0
github.com/YanSystems/cms/pkg/services/content.go:173.16,177.3 3 0
github.com/YanSystems/cms/pkg/services/content.go:178.2,187.77 4 0
github.com/YanSystems/cms/pkg/services/content.go:190.86,201.16 9 0
github.com/YanSystems/cms/pkg/services/content.go:201.16,205.3 3 0
github.com/YanSystems/cms/pkg/services/content.go:206.2,214.77 4 0
github.com/YanSystems/cms/pkg/services/content.go:217.84,228.16 9 0
github.com/YanSystems/cms/pkg/services/content.go:228.16,232.3 3 0
github.com/YanSystems/cms/pkg/services/content.go:233.2,241.75 4 0
github.com/YanSystems/cms/pkg/services/content.go:244.89,254.16 8 0
github.com/YanSystems/cms/pkg/services/content.go:254.16,258.3 3 0
github.com/YanSystems/cms/pkg/services/content.go:259.2,267.80 4 0
github.com/YanSystems/cms/pkg/utils/db.go:13.43,16.15 3 1
github.com/YanSystems/cms/pkg/utils/db.go:16.15,20.3 3 1
github.com/YanSystems/cms/pkg/utils/db.go:21.2,24.16 3 1
github.com/YanSystems/cms/pkg/utils/db.go:24.16,27.3 2 1
github.com/YanSystems/cms/pkg/utils/db.go:28.2,30.20 2 0
github.com/YanSystems/cms/pkg/utils/json.go:13.71,21.16 6 1
github.com/YanSystems/cms/pkg/utils/json.go:21.16,24.3 2 1
github.com/YanSystems/cms/pkg/utils/json.go:25.2,28.19 3 1
github.com/YanSystems/cms/pkg/utils/json.go:28.19,32.3 3 1
github.com/YanSystems/cms/pkg/utils/json.go:34.2,34.12 1 1
github.com/YanSystems/cms/pkg/utils/json.go:37.91,41.16 3 1
github.com/YanSystems/cms/pkg/utils/json.go:41.16,44.3 2 1
github.com/YanSystems/cms/pkg/utils/json.go:45.2,47.22 2 1
github.com/YanSystems/cms/pkg/utils/json.go:47.22,48.38 1 1
github.com/YanSystems/cms/pkg/utils/json.go:48.38,50.4 1 1
github.com/YanSystems/cms/pkg/utils/json.go:51.3,51.58 1 1
github.com/YanSystems/cms/pkg/utils/json.go:54.2,57.16 4 1
github.com/YanSystems/cms/pkg/utils/json.go:57.16,60.3 2 1
github.com/YanSystems/cms/pkg/utils/json.go:62.2,63.12 2 1
github.com/YanSystems/cms/pkg/utils/json.go:66.71,70.21 3 1
github.com/YanSystems/cms/pkg/utils/json.go:70.21,73.3 2 1
github.com/YanSystems/cms/pkg/utils/json.go:75.2,80.42 5 1
github.com/YanSystems/cms/pkg/server/server.go:22.43,37.69 5 1
github.com/YanSystems/cms/pkg/server/server.go:37.69,40.3 2 1
github.com/YanSystems/cms/pkg/server/server.go:41.2,56.15 12 1
github.com/YanSystems/cms/pkg/server/server.go:59.43,62.16 3 1
github.com/YanSystems/cms/pkg/server/server.go:62.16,65.3 2 0
github.com/YanSystems/cms/pkg/server/server.go:67.2,67.15 1 1
github.com/YanSystems/cms/pkg/server/server.go:67.15,69.59 2 1
github.com/YanSystems/cms/pkg/server/server.go:69.59,71.14 2 0
github.com/YanSystems/cms/pkg/server/server.go:73.3,73.55 1 1
github.com/YanSystems/cms/pkg/server/server.go:76.2,87.15 7 1
github.com/YanSystems/cms/pkg/server/server.go:90.43,94.16 3 0
github.com/YanSystems/cms/pkg/server/server.go:94.16,98.3 3 0
github.com/YanSystems/cms/pkg/services/content.go:21.86,28.16 6 0
github.com/YanSystems/cms/pkg/services/content.go:28.16,32.3 3 0
github.com/YanSystems/cms/pkg/services/content.go:33.2,40.111 6 0
github.com/YanSystems/cms/pkg/services/content.go:40.111,45.3 4 0
github.com/YanSystems/cms/pkg/services/content.go:46.2,53.16 6 0
github.com/YanSystems/cms/pkg/services/content.go:53.16,57.3 3 0
github.com/YanSystems/cms/pkg/services/content.go:58.2,67.82 4 0
github.com/YanSystems/cms/pkg/services/content.go:70.83,81.16 9 0
github.com/YanSystems/cms/pkg/services/content.go:81.16,85.3 3 0
github.com/YanSystems/cms/pkg/services/content.go:86.2,95.74 4 0
github.com/YanSystems/cms/pkg/services/content.go:98.86,108.16 8 0
github.com/YanSystems/cms/pkg/services/content.go:108.16,112.3 3 0
github.com/YanSystems/cms/pkg/services/content.go:113.2,122.77 4 0
github.com/YanSystems/cms/pkg/services/content.go:125.81,136.16 9 0
github.com/YanSystems/cms/pkg/services/content.go:136.16,140.3 3 0
github.com/YanSystems/cms/pkg/services/content.go:141.2,150.72 4 0
github.com/YanSystems/cms/pkg/services/content.go:153.86,157.16 4 0
github.com/YanSystems/cms/pkg/services/content.go:157.16,161.3 3 0
github.com/YanSystems/cms/pkg/services/content.go:162.2,173.16 9 0
github.com/YanSystems/cms/pkg/services/content.go:173.16,177.3 3 0
github.com/YanSystems/cms/pkg/services/content.go:178.2,187.77 4 0
github.com/YanSystems/cms/pkg/services/content.go:190.86,201.16 9 0
github.com/YanSystems/cms/pkg/services/content.go:201.16,205.3 3 0
github.com/YanSystems/cms/pkg/services/content.go:206.2,214.77 4 0
github.com/YanSystems/cms/pkg/services/content.go:217.84,228.16 9 0
github.com/YanSystems/cms/pkg/services/content.go:228.16,232.3 3 0
github.com/YanSystems/cms/pkg/services/content.go:233.2,241.75 4 0
github.com/YanSystems/cms/pkg/services/content.go:244.89,254.16 8 0
github.com/YanSystems/cms/pkg/services/content.go:254.16,258.3 3 0
github.com/YanSystems/cms/pkg/services/content.go:259.2,267.80 4 0
github.com/YanSystems/cms/pkg/repositories/content/delete.go:10.83,18.16 3 1
github.com/YanSystems/cms/pkg/repositories/content/delete.go:18.16,21.3 2 0
github.com/YanSystems/cms/pkg/repositories/content/delete.go:23.2,24.16 2 1
github.com/YanSystems/cms/pkg/repositories/content/delete.go:27.86,31.16 3 1
github.com/YanSystems/cms/pkg/repositories/content/delete.go:31.16,34.3 2 1
github.com/YanSystems/cms/pkg/repositories/content/delete.go:36.2,37.35 2 1
github.com/YanSystems/cms/pkg/repositories/content/delete.go:37.35,39.3 1 1
github.com/YanSystems/cms/pkg/repositories/content/delete.go:40.2,47.16 3 1
github.com/YanSystems/cms/pkg/repositories/content/delete.go:47.16,50.3 2 0
github.com/YanSystems/cms/pkg/repositories/content/delete.go:52.2,53.17 2 1
github.com/YanSystems/cms/pkg/repositories/content/delete.go:56.77,60.16 3 1
github.com/YanSystems/cms/pkg/repositories/content/delete.go:60.16,63.3 2 1
github.com/YanSystems/cms/pkg/repositories/content/delete.go:65.2,66.35 2 1
github.com/YanSystems/cms/pkg/repositories/content/delete.go:66.35,69.3 2 1
github.com/YanSystems/cms/pkg/repositories/content/delete.go:70.2,73.16 3 1
github.com/YanSystems/cms/pkg/repositories/content/delete.go:73.16,76.3 2 0
github.com/YanSystems/cms/pkg/repositories/content/delete.go:78.2,79.17 2 1
github.com/YanSystems/cms/pkg/repositories/content/get.go:14.93,16.17 2 1
github.com/YanSystems/cms/pkg/repositories/content/get.go:16.17,20.3 3 1
github.com/YanSystems/cms/pkg/repositories/content/get.go:22.2,29.16 3 1
github.com/YanSystems/cms/pkg/repositories/content/get.go:29.16,30.34 1 1
github.com/YanSystems/cms/pkg/repositories/content/get.go:30.34,34.4 3 1
github.com/YanSystems/cms/pkg/repositories/content/get.go:35.3,36.18 2 0
github.com/YanSystems/cms/pkg/repositories/content/get.go:39.2,40.22 2 1
github.com/YanSystems/cms/pkg/repositories/content/get.go:43.82,50.16 3 1
github.com/YanSystems/cms/pkg/repositories/content/get.go:50.16,53.3 2 1
github.com/YanSystems/cms/pkg/repositories/content/get.go:55.2,57.16 3 1
github.com/YanSystems/cms/pkg/repositories/content/get.go:57.16,61.3 3 0
github.com/YanSystems/cms/pkg/repositories/content/get.go:63.2,63.24 1 1
github.com/YanSystems/cms/pkg/repositories/content/get.go:63.24,66.3 2 1
github.com/YanSystems/cms/pkg/repositories/content/get.go:68.2,69.22 2 1
github.com/YanSystems/cms/pkg/repositories/content/get.go:72.91,79.16 3 1
github.com/YanSystems/cms/pkg/repositories/content/get.go:79.16,82.3 2 1
github.com/YanSystems/cms/pkg/repositories/content/get.go:84.2,86.16 3 1
github.com/YanSystems/cms/pkg/repositories/content/get.go:86.16,90.3 3 0
github.com/YanSystems/cms/pkg/repositories/content/get.go:92.2,92.24 1 1
github.com/YanSystems/cms/pkg/repositories/content/get.go:92.24,95.3 2 1
github.com/YanSystems/cms/pkg/repositories/content/get.go:97.2,98.22 2 1
github.com/YanSystems/cms/pkg/repositories/content/post.go:15.97,18.49 2 1
github.com/YanSystems/cms/pkg/repositories/content/post.go:18.49,21.3 2 1
github.com/YanSystems/cms/pkg/repositories/content/post.go:22.2,26.16 4 1
github.com/YanSystems/cms/pkg/repositories/content/post.go:26.16,30.3 3 1
github.com/YanSystems/cms/pkg/repositories/content/post.go:31.2,37.16 3 1
github.com/YanSystems/cms/pkg/repositories/content/post.go:37.16,40.3 2 0
github.com/YanSystems/cms/pkg/repositories/content/post.go:41.2,43.24 2 1
github.com/YanSystems/cms/pkg/repositories/content/post.go:46.49,49.2 2 1
github.com/YanSystems/cms/pkg/repositories/content/post.go:51.53,56.16 5 1
github.com/YanSystems/cms/pkg/repositories/content/post.go:56.16,57.56 1 1
github.com/YanSystems/cms/pkg/repositories/content/post.go:57.56,61.4 3 1
github.com/YanSystems/cms/pkg/repositories/content/post.go:63.2,64.12 2 1
github.com/YanSystems/cms/pkg/repositories/content/put.go:12.121,17.16 3 1
github.com/YanSystems/cms/pkg/repositories/content/put.go:17.16,20.3 2 1
github.com/YanSystems/cms/pkg/repositories/content/put.go:21.2,24.33 2 1
github.com/YanSystems/cms/pkg/repositories/content/put.go:24.33,27.3 2 1
github.com/YanSystems/cms/pkg/repositories/content/put.go:28.2,28.33 1 1
github.com/YanSystems/cms/pkg/repositories/content/put.go:28.33,31.3 2 1
github.com/YanSystems/cms/pkg/repositories/content/put.go:32.2,32.39 1 1
github.com/YanSystems/cms/pkg/repositories/content/put.go:32.39,35.3 2 1
github.com/YanSystems/cms/pkg/repositories/content/put.go:36.2,36.32 1 1
github.com/YanSystems/cms/pkg/repositories/content/put.go:36.32,39.3 2 1
github.com/YanSystems/cms/pkg/repositories/content/put.go:40.2,40.33 1 1
github.com/YanSystems/cms/pkg/repositories/content/put.go:40.33,43.3 2 1
github.com/YanSystems/cms/pkg/repositories/content/put.go:44.2,44.37 1 1
github.com/YanSystems/cms/pkg/repositories/content/put.go:44.37,47.3 2 1
github.com/YanSystems/cms/pkg/repositories/content/put.go:48.2,48.36 1 1
github.com/YanSystems/cms/pkg/repositories/content/put.go:48.36,51.3 2 1
github.com/YanSystems/cms/pkg/repositories/content/put.go:54.2,67.16 5 1
github.com/YanSystems/cms/pkg/repositories/content/put.go:67.16,70.3 2 0
github.com/YanSystems/cms/pkg/repositories/content/put.go:72.2,73.16 2 1
github.com/YanSystems/cms/pkg/services/content.go:21.86,28.16 6 1
github.com/YanSystems/cms/pkg/services/content.go:28.16,32.3 3 0
github.com/YanSystems/cms/pkg/services/content.go:33.2,40.111 6 1
github.com/YanSystems/cms/pkg/services/content.go:40.111,45.3 4 1
github.com/YanSystems/cms/pkg/services/content.go:46.2,53.16 6 1
github.com/YanSystems/cms/pkg/services/content.go:53.16,57.3 3 0
github.com/YanSystems/cms/pkg/services/content.go:58.2,67.82 4 1
github.com/YanSystems/cms/pkg/services/content.go:70.83,81.16 9 1
github.com/YanSystems/cms/pkg/services/content.go:81.16,85.3 3 1
github.com/YanSystems/cms/pkg/services/content.go:86.2,95.74 4 1
github.com/YanSystems/cms/pkg/services/content.go:98.86,108.16 8 1
github.com/YanSystems/cms/pkg/services/content.go:108.16,112.3 3 0
github.com/YanSystems/cms/pkg/services/content.go:113.2,122.77 4 1
github.com/YanSystems/cms/pkg/services/content.go:125.81,136.16 9 1
github.com/YanSystems/cms/pkg/services/content.go:136.16,140.3 3 0
github.com/YanSystems/cms/pkg/services/content.go:141.2,150.72 4 1
github.com/YanSystems/cms/pkg/services/content.go:153.86,157.16 4 1
github.com/YanSystems/cms/pkg/services/content.go:157.16,161.3 3 0
github.com/YanSystems/cms/pkg/services/content.go:162.2,173.16 9 1
github.com/YanSystems/cms/pkg/services/content.go:173.16,177.3 3 0
github.com/YanSystems/cms/pkg/services/content.go:178.2,187.77 4 1
github.com/YanSystems/cms/pkg/services/content.go:190.86,201.16 9 1
github.com/YanSystems/cms/pkg/services/content.go:201.16,205.3 3 0
github.com/YanSystems/cms/pkg/services/content.go:206.2,214.77 4 1
github.com/YanSystems/cms/pkg/services/content.go:217.84,228.16 9 1
github.com/YanSystems/cms/pkg/services/content.go:228.16,232.3 3 0
github.com/YanSystems/cms/pkg/services/content.go:233.2,241.75 4 1
github.com/YanSystems/cms/pkg/services/content.go:244.89,254.16 8 1
github.com/YanSystems/cms/pkg/services/content.go:254.16,258.3 3 0
github.com/YanSystems/cms/pkg/services/content.go:259.2,267.80 4 1
